# JRE version: OpenJDK Runtime Environment Zulu17.36+17-CA (17.0.4.1+1) (build 17.0.4.1+1-LTS)
# Java VM: OpenJDK 64-Bit Server VM Zulu17.36+17-CA (17.0.4.1+1-LTS, mixed mode, sharing, tiered, compressed oops, compressed class ptrs, g1 gc, windows-amd64)
GC Precious Log:
 CPUs: 8 total, 8 available
 Memory: 12194M
 Large Page Support: Disabled
 NUMA Support: Disabled
 Compressed Oops: Enabled (32-bit)
 Heap Region Size: 1M
 Heap Min Capacity: 8M
 Heap Initial Capacity: 192M
 Heap Max Capacity: 2G
 Pre-touch: Disabled
 Parallel Workers: 8
 Concurrent Workers: 2
 Concurrent Refinement Workers: 8
 Periodic GC: Disabled
Heap:
 garbage-first heap   total 342016K, used 154710K [0x0000000080000000, 0x0000000100000000)
  region size 1024K, 7 young (7168K), 7 survivors (7168K)
 Metaspace       used 119327K, committed 120832K, reserved 1155072K
  class space    used 15997K, committed 16704K, reserved 1048576K
GC Heap History (20 events):
Event: 10497.356 GC heap after
{Heap after GC invocations=61 (full 1):
 garbage-first heap   total 342016K, used 125479K [0x0000000080000000, 0x0000000100000000)
  region size 1024K, 2 young (2048K), 2 survivors (2048K)
 Metaspace       used 115523K, committed 116416K, reserved 1155072K
  class space    used 15615K, committed 16064K, reserved 1048576K
}
Event: 10690.762 GC heap before
{Heap before GC invocations=61 (full 1):
 garbage-first heap   total 342016K, used 268839K [0x0000000080000000, 0x0000000100000000)
  region size 1024K, 144 young (147456K), 2 survivors (2048K)
 Metaspace       used 116819K, committed 117824K, reserved 1155072K
  class space    used 15751K, committed 16256K, reserved 1048576K
}
Event: 10690.775 GC heap after
{Heap after GC invocations=62 (full 1):
 garbage-first heap   total 342016K, used 125181K [0x0000000080000000, 0x0000000100000000)
  region size 1024K, 14 young (14336K), 14 survivors (14336K)
 Metaspace       used 116819K, committed 117824K, reserved 1155072K
  class space    used 15751K, committed 16256K, reserved 1048576K
}
Event: 10940.280 GC heap before
{Heap before GC invocations=63 (full 1):
 garbage-first heap   total 342016K, used 291069K [0x0000000080000000, 0x0000000100000000)
  region size 1024K, 153 young (156672K), 14 survivors (14336K)
 Metaspace       used 117306K, committed 118336K, reserved 1155072K
  class space    used 15760K, committed 16256K, reserved 1048576K
}
Event: 10940.291 GC heap after
{Heap after GC invocations=64 (full 1):
 garbage-first heap   total 342016K, used 120662K [0x0000000080000000, 0x0000000100000000)
  region size 1024K, 4 young (4096K), 4 survivors (4096K)
 Metaspace       used 117306K, committed 118336K, reserved 1155072K
  class space    used 15760K, committed 16256K, reserved 1048576K
}
Event: 10940.386 GC heap before
{Heap before GC invocations=64 (full 1):
 garbage-first heap   total 342016K, used 131926K [0x0000000080000000, 0x0000000100000000)
  region size 1024K, 16 young (16384K), 4 survivors (4096K)
 Metaspace       used 117380K, committed 118464K, reserved 1155072K
  class space    used 15774K, committed 16320K, reserved 1048576K
}
Event: 10940.394 GC heap after
{Heap after GC invocations=65 (full 1):
 garbage-first heap   total 342016K, used 118954K [0x0000000080000000, 0x0000000100000000)
  region size 1024K, 2 young (2048K), 2 survivors (2048K)
 Metaspace       used 117380K, committed 118464K, reserved 1155072K
  class space    used 15774K, committed 16320K, reserved 1048576K
}
Event: 10943.475 GC heap before
{Heap before GC invocations=65 (full 1):
 garbage-first heap   total 342016K, used 201898K [0x0000000080000000, 0x0000000100000000)
  region size 1024K, 85 young (87040K), 2 survivors (2048K)
 Metaspace       used 118162K, committed 119552K, reserved 1155072K
  class space    used 15920K, committed 16576K, reserved 1048576K
}
Event: 10943.484 GC heap after
{Heap after GC invocations=66 (full 1):
 garbage-first heap   total 342016K, used 126150K [0x0000000080000000, 0x0000000100000000)
  region size 1024K, 9 young (9216K), 9 survivors (9216K)
 Metaspace       used 118162K, committed 119552K, reserved 1155072K
  class space    used 15920K, committed 16576K, reserved 1048576K
}
Event: 11619.316 GC heap before
{Heap before GC invocations=67 (full 1):
 garbage-first heap   total 342016K, used 288966K [0x0000000080000000, 0x0000000100000000)
  region size 1024K, 145 young (148480K), 9 survivors (9216K)
 Metaspace       used 118634K, committed 120064K, reserved 1155072K
  class space    used 15968K, committed 16640K, reserved 1048576K
}
Event: 11619.325 GC heap after
{Heap after GC invocations=68 (full 1):
 garbage-first heap   total 342016K, used 125765K [0x0000000080000000, 0x0000000100000000)
  region size 1024K, 8 young (8192K), 8 survivors (8192K)
 Metaspace       used 118634K, committed 120064K, reserved 1155072K
  class space    used 15968K, committed 16640K, reserved 1048576K
}
Event: 11619.463 GC heap before
{Heap before GC invocations=68 (full 1):
 garbage-first heap   total 342016K, used 132933K [0x0000000080000000, 0x0000000100000000)
  region size 1024K, 16 young (16384K), 8 survivors (8192K)
 Metaspace       used 118644K, committed 120064K, reserved 1155072K
  class space    used 15968K, committed 16640K, reserved 1048576K
}
Event: 11619.473 GC heap after
{Heap after GC invocations=69 (full 1):
 garbage-first heap   total 342016K, used 122152K [0x0000000080000000, 0x0000000100000000)
  region size 1024K, 2 young (2048K), 2 survivors (2048K)
 Metaspace       used 118644K, committed 120064K, reserved 1155072K
  class space    used 15968K, committed 16640K, reserved 1048576K
}
Event: 11621.649 GC heap before
{Heap before GC invocations=69 (full 1):
 garbage-first heap   total 342016K, used 219432K [0x0000000080000000, 0x0000000100000000)
  region size 1024K, 99 young (101376K), 2 survivors (2048K)
 Metaspace       used 118888K, committed 120384K, reserved 1155072K
  class space    used 15971K, committed 16704K, reserved 1048576K
}
Event: 11621.659 GC heap after
{Heap after GC invocations=70 (full 1):
 garbage-first heap   total 342016K, used 130344K [0x0000000080000000, 0x0000000100000000)
  region size 1024K, 10 young (10240K), 10 survivors (10240K)
 Metaspace       used 118888K, committed 120384K, reserved 1155072K
  class space    used 15971K, committed 16704K, reserved 1048576K
}
Event: 14572.599 GC heap before
{Heap before GC invocations=71 (full 1):
 garbage-first heap   total 342016K, used 282920K [0x0000000080000000, 0x0000000100000000)
  region size 1024K, 146 young (149504K), 10 survivors (10240K)
 Metaspace       used 119074K, committed 120576K, reserved 1155072K
  class space    used 15973K, committed 16704K, reserved 1048576K
}
Event: 14572.685 GC heap after
{Heap after GC invocations=72 (full 1):
 garbage-first heap   total 342016K, used 150537K [0x0000000080000000, 0x0000000100000000)
  region size 1024K, 19 young (19456K), 19 survivors (19456K)
 Metaspace       used 119074K, committed 120576K, reserved 1155072K
  class space    used 15973K, committed 16704K, reserved 1048576K
}
Event: 14572.703 GC heap before
{Heap before GC invocations=72 (full 1):
 garbage-first heap   total 342016K, used 151561K [0x0000000080000000, 0x0000000100000000)
  region size 1024K, 20 young (20480K), 19 survivors (19456K)
 Metaspace       used 119077K, committed 120576K, reserved 1155072K
  class space    used 15973K, committed 16704K, reserved 1048576K
}
Event: 14572.759 GC heap after
{Heap after GC invocations=73 (full 1):
 garbage-first heap   total 342016K, used 149422K [0x0000000080000000, 0x0000000100000000)
  region size 1024K, 2 young (2048K), 2 survivors (2048K)
 Metaspace       used 119077K, committed 120576K, reserved 1155072K
  class space    used 15973K, committed 16704K, reserved 1048576K
}
Event: 14573.903 GC heap before
{Heap before GC invocations=73 (full 1):
 garbage-first heap   total 342016K, used 186286K [0x0000000080000000, 0x0000000100000000)
  region size 1024K, 39 young (39936K), 2 survivors (2048K)
 Metaspace       used 119327K, committed 120832K, reserved 1155072K
  class space    used 15997K, committed 16704K, reserved 1048576K
}

